<?xml version="1.0" encoding="UTF-8"?>
<!-- Generated by org.testng.reporters.JUnitReportReporter -->
<testsuite hostname="Rav52v" failures="0" tests="2" name="test.TestSuite_1" time="16.410" errors="0" timestamp="25 sie 2018 14:57:18 GMT" skipped="0">
  <testcase classname="test.TestSuite_1" name="test1" time="7.610"/>
  <testcase classname="test.TestSuite_1" name="test1" time="8.800"/>
</testsuite> <!-- test.TestSuite_1 -->
