<?xml version="1.0" encoding="UTF-8"?>
<!-- Generated by org.testng.reporters.JUnitReportReporter -->
<testsuite hostname="Rav52v" failures="0" tests="2" name="test.TestSuite_1" time="19.410" errors="0" timestamp="31 sie 2018 02:34:47 GMT" skipped="0">
  <testcase classname="test.TestSuite_1" name="testCreateNewAccount" time="9.369"/>
  <testcase classname="test.TestSuite_1" name="testCreateNewAccount" time="10.041"/>
</testsuite> <!-- test.TestSuite_1 -->
