<?xml version="1.0" encoding="UTF-8"?>
<!-- Generated by org.testng.reporters.JUnitReportReporter -->
<testsuite hostname="Rav52v" failures="0" tests="2" name="test.TestSuite_1" time="7.960" errors="0" timestamp="28 sie 2018 23:31:23 GMT" skipped="0">
  <testcase classname="test.TestSuite_1" name="test1" time="5.262"/>
  <testcase classname="test.TestSuite_1" name="test1" time="2.698"/>
</testsuite> <!-- test.TestSuite_1 -->
